Arguments: 
  /Users/pxw041/.nvm/versions/node/v8.16.0/bin/node /usr/local/Cellar/yarn/1.16.0/libexec/bin/yarn.js

PATH: 
  /Users/pxw041/.nvm/versions/node/v8.16.0/bin:/Users/pwoodb001c/bin:/usr/local/bin:/usr/bin:/bin:/usr/sbin:/sbin:/opt/X11/bin:/usr/local/MacGPG2/bin:/Users/pxw041/esp/xtensa-esp32-elf/bin

Yarn version: 
  1.16.0

Node version: 
  8.16.0

Platform: 
  darwin x64

Trace: 
  SyntaxError: /Users/pxw041/dev/coding_challenge/server/package.json: Unexpected token } in JSON at position 199
      at JSON.parse (<anonymous>)
      at /usr/local/Cellar/yarn/1.16.0/libexec/lib/cli.js:1625:59
      at Generator.next (<anonymous>)
      at step (/usr/local/Cellar/yarn/1.16.0/libexec/lib/cli.js:304:30)
      at /usr/local/Cellar/yarn/1.16.0/libexec/lib/cli.js:315:13
      at <anonymous>

npm manifest: 
  {
    "name": "Jiot Hardware Test",
    "version": "0.0.1",
    "description": "API to test user code",
    "scripts": {
      "start": "node app/index.js"
    },
    "dependencies": {
      "express": "^4.17.1",
    }
  }

yarn manifest: 
  No manifest

Lockfile: 
  No lockfile
